<?xml version='1.0' encoding='UTF-8'?>
<testsuite hostname="DESKTOP-U09FD69" name="riscv.singlecycle.InstructionFetchTest" tests="1" errors="0" failures="0" skipped="0" time="3.337" timestamp="2025-12-10T01:31:50">
          <properties>
[...]
</properties>
          <testcase classname="riscv.singlecycle.InstructionFetchTest" name="InstructionFetch should correctly update PC and handle jumps" time="3.337">
                      
                    </testcase>
          <system-out><![CDATA[]]></system-out>
          <system-err><![CDATA[]]></system-err>
        </testsuite>